c:\bluntforcetrauma\sawyersimpson\project2_part2\debug\vc140.pdb
c:\bluntforcetrauma\sawyersimpson\project2_part2\debug\vc140.idb
c:\bluntforcetrauma\sawyersimpson\project2_part2\debug\gamestatemgr.obj
c:\bluntforcetrauma\sawyersimpson\project2_part2\debug\gamestate_asteroids.obj
c:\bluntforcetrauma\sawyersimpson\project2_part2\debug\main.obj
c:\bluntforcetrauma\sawyersimpson\project2_part2\debug\math2d.obj
c:\bluntforcetrauma\sawyersimpson\project2_part2\debug\matrix2d.obj
c:\bluntforcetrauma\sawyersimpson\project2_part2\debug\vector2d.obj
c:\bluntforcetrauma\sawyersimpson\project2_part2\debug\objects.obj
c:\bluntforcetrauma\sawyersimpson\project2_part2\debug\binarymap.obj
c:\bluntforcetrauma\sawyersimpson\project2_part2\debug\input.obj
c:\bluntforcetrauma\sawyersimpson\project2_part2\debug\system.obj
c:\bluntforcetrauma\sawyersimpson\project2_part2\debug\gamestatemanager.obj
c:\bluntforcetrauma\sawyersimpson\project2_part2\debug\cs230_asteroids.ilk
c:\bluntforcetrauma\sawyersimpson\project2_part2\debug\cs230_asteroids.exe
c:\bluntforcetrauma\sawyersimpson\project2_part2\debug\cs230_asteroids.pdb
c:\bluntforcetrauma\sawyersimpson\project2_part2\debug\cs230_asteroids.tlog\cl.command.1.tlog
c:\bluntforcetrauma\sawyersimpson\project2_part2\debug\cs230_asteroids.tlog\cl.read.1.tlog
c:\bluntforcetrauma\sawyersimpson\project2_part2\debug\cs230_asteroids.tlog\cl.write.1.tlog
c:\bluntforcetrauma\sawyersimpson\project2_part2\debug\cs230_asteroids.tlog\link-cvtres.read.1.tlog
c:\bluntforcetrauma\sawyersimpson\project2_part2\debug\cs230_asteroids.tlog\link-cvtres.write.1.tlog
c:\bluntforcetrauma\sawyersimpson\project2_part2\debug\cs230_asteroids.tlog\link-rc.read.1.tlog
c:\bluntforcetrauma\sawyersimpson\project2_part2\debug\cs230_asteroids.tlog\link-rc.write.1.tlog
c:\bluntforcetrauma\sawyersimpson\project2_part2\debug\cs230_asteroids.tlog\link.7204-cvtres.read.1.tlog
c:\bluntforcetrauma\sawyersimpson\project2_part2\debug\cs230_asteroids.tlog\link.7204-cvtres.write.1.tlog
c:\bluntforcetrauma\sawyersimpson\project2_part2\debug\cs230_asteroids.tlog\link.7204-rc.read.1.tlog
c:\bluntforcetrauma\sawyersimpson\project2_part2\debug\cs230_asteroids.tlog\link.7204-rc.write.1.tlog
c:\bluntforcetrauma\sawyersimpson\project2_part2\debug\cs230_asteroids.tlog\link.7204.read.1.tlog
c:\bluntforcetrauma\sawyersimpson\project2_part2\debug\cs230_asteroids.tlog\link.7204.write.1.tlog
c:\bluntforcetrauma\sawyersimpson\project2_part2\debug\cs230_asteroids.tlog\link.command.1.tlog
c:\bluntforcetrauma\sawyersimpson\project2_part2\debug\cs230_asteroids.tlog\link.read.1.tlog
c:\bluntforcetrauma\sawyersimpson\project2_part2\debug\cs230_asteroids.tlog\link.write.1.tlog
