c:\users\sawyer.simpson\desktop\bluntforcetrauma\sawyersimpson\project 3 part 2 - platformer\project 3 part 2 - platformer\debug\vc120.pdb
c:\users\sawyer.simpson\desktop\bluntforcetrauma\sawyersimpson\project 3 part 2 - platformer\project 3 part 2 - platformer\debug\vc120.idb
c:\users\sawyer.simpson\desktop\bluntforcetrauma\sawyersimpson\project 3 part 2 - platformer\project 3 part 2 - platformer\debug\binarymap.obj
c:\users\sawyer.simpson\desktop\bluntforcetrauma\sawyersimpson\project 3 part 2 - platformer\project 3 part 2 - platformer\debug\gamestatemanager.obj
c:\users\sawyer.simpson\desktop\bluntforcetrauma\sawyersimpson\project 3 part 2 - platformer\project 3 part 2 - platformer\debug\input.obj
c:\users\sawyer.simpson\desktop\bluntforcetrauma\sawyersimpson\project 3 part 2 - platformer\project 3 part 2 - platformer\debug\level1.obj
c:\users\sawyer.simpson\desktop\bluntforcetrauma\sawyersimpson\project 3 part 2 - platformer\project 3 part 2 - platformer\debug\level2.obj
c:\users\sawyer.simpson\desktop\bluntforcetrauma\sawyersimpson\project 3 part 2 - platformer\project 3 part 2 - platformer\debug\level3.obj
c:\users\sawyer.simpson\desktop\bluntforcetrauma\sawyersimpson\project 3 part 2 - platformer\project 3 part 2 - platformer\debug\main.obj
c:\users\sawyer.simpson\desktop\bluntforcetrauma\sawyersimpson\project 3 part 2 - platformer\project 3 part 2 - platformer\debug\math2d.obj
c:\users\sawyer.simpson\desktop\bluntforcetrauma\sawyersimpson\project 3 part 2 - platformer\project 3 part 2 - platformer\debug\matrix2d.obj
c:\users\sawyer.simpson\desktop\bluntforcetrauma\sawyersimpson\project 3 part 2 - platformer\project 3 part 2 - platformer\debug\objects.obj
c:\users\sawyer.simpson\desktop\bluntforcetrauma\sawyersimpson\project 3 part 2 - platformer\project 3 part 2 - platformer\debug\system.obj
c:\users\sawyer.simpson\desktop\bluntforcetrauma\sawyersimpson\project 3 part 2 - platformer\project 3 part 2 - platformer\debug\vector2d.obj
c:\users\sawyer.simpson\desktop\bluntforcetrauma\sawyersimpson\project 3 part 2 - platformer\project 3 part 2 - platformer\debug\project 3 part 2 - platformer.ilk
c:\users\sawyer.simpson\desktop\bluntforcetrauma\sawyersimpson\project 3 part 2 - platformer\project 3 part 2 - platformer\debug\project 3 part 2 - platformer.exe
c:\users\sawyer.simpson\desktop\bluntforcetrauma\sawyersimpson\project 3 part 2 - platformer\project 3 part 2 - platformer\debug\project 3 part 2 - platformer.pdb
c:\users\sawyer.simpson\desktop\bluntforcetrauma\sawyersimpson\project 3 part 2 - platformer\project 3 part 2 - platformer\debug\project .99c44468.tlog\cl.command.1.tlog
c:\users\sawyer.simpson\desktop\bluntforcetrauma\sawyersimpson\project 3 part 2 - platformer\project 3 part 2 - platformer\debug\project .99c44468.tlog\cl.read.1.tlog
c:\users\sawyer.simpson\desktop\bluntforcetrauma\sawyersimpson\project 3 part 2 - platformer\project 3 part 2 - platformer\debug\project .99c44468.tlog\cl.write.1.tlog
c:\users\sawyer.simpson\desktop\bluntforcetrauma\sawyersimpson\project 3 part 2 - platformer\project 3 part 2 - platformer\debug\project .99c44468.tlog\link.command.1.tlog
c:\users\sawyer.simpson\desktop\bluntforcetrauma\sawyersimpson\project 3 part 2 - platformer\project 3 part 2 - platformer\debug\project .99c44468.tlog\link.read.1.tlog
c:\users\sawyer.simpson\desktop\bluntforcetrauma\sawyersimpson\project 3 part 2 - platformer\project 3 part 2 - platformer\debug\project .99c44468.tlog\link.write.1.tlog
